[09:18:06] [main/INFO] (FabricLoader/GameProvider) Loading Minecraft 1.20.1 with Fabric Loader 0.16.0
[09:18:07] [main/INFO] (FabricLoader) Loading 59 mods:
	- fabric-api 0.92.2+1.20.1
	- fabric-api-base 0.4.31+1802ada577
	- fabric-api-lookup-api-v1 1.6.36+1802ada577
	- fabric-biome-api-v1 13.0.13+1802ada577
	- fabric-block-api-v1 1.0.11+1802ada577
	- fabric-block-view-api-v2 1.0.1+1802ada577
	- fabric-blockrenderlayer-v1 1.1.41+1802ada577
	- fabric-client-tags-api-v1 1.1.2+1802ada577
	- fabric-command-api-v1 1.2.34+f71b366f77
	- fabric-command-api-v2 2.2.13+1802ada577
	- fabric-commands-v0 0.2.51+df3654b377
	- fabric-containers-v0 0.1.64+df3654b377
	- fabric-content-registries-v0 4.0.11+1802ada577
	- fabric-convention-tags-v1 1.5.5+1802ada577
	- fabric-crash-report-info-v1 0.2.19+1802ada577
	- fabric-data-attachment-api-v1 1.0.0+de0fd6d177
	- fabric-data-generation-api-v1 12.3.4+1802ada577
	- fabric-dimensions-v1 2.1.54+1802ada577
	- fabric-entity-events-v1 1.6.0+1c78457f77
	- fabric-events-interaction-v0 0.6.2+1802ada577
	- fabric-events-lifecycle-v0 0.2.63+df3654b377
	- fabric-game-rule-api-v1 1.0.40+1802ada577
	- fabric-gametest-api-v1 1.2.13+1802ada577
	- fabric-item-api-v1 2.1.28+1802ada577
	- fabric-item-group-api-v1 4.0.12+1802ada577
	- fabric-key-binding-api-v1 1.0.37+1802ada577
	- fabric-keybindings-v0 0.2.35+df3654b377
	- fabric-lifecycle-events-v1 2.2.22+1802ada577
	- fabric-loot-api-v2 1.2.1+1802ada577
	- fabric-loot-tables-v1 1.1.45+9e7660c677
	- fabric-message-api-v1 5.1.9+1802ada577
	- fabric-mining-level-api-v1 2.1.50+1802ada577
	- fabric-model-loading-api-v1 1.0.3+1802ada577
	- fabric-models-v0 0.4.2+9386d8a777
	- fabric-networking-api-v1 1.3.11+1802ada577
	- fabric-networking-v0 0.3.51+df3654b377
	- fabric-object-builder-api-v1 11.1.3+1802ada577
	- fabric-particles-v1 1.1.2+1802ada577
	- fabric-recipe-api-v1 1.0.21+1802ada577
	- fabric-registry-sync-v0 2.3.3+1802ada577
	- fabric-renderer-api-v1 3.2.1+1802ada577
	- fabric-renderer-indigo 1.5.2+85287f9f77
	- fabric-renderer-registries-v1 3.2.46+df3654b377
	- fabric-rendering-data-attachment-v1 0.3.37+92a0d36777
	- fabric-rendering-fluids-v1 3.0.28+1802ada577
	- fabric-rendering-v0 1.1.49+df3654b377
	- fabric-rendering-v1 3.0.8+1802ada577
	- fabric-resource-conditions-api-v1 2.3.8+1802ada577
	- fabric-resource-loader-v0 0.11.10+1802ada577
	- fabric-screen-api-v1 2.0.8+1802ada577
	- fabric-screen-handler-api-v1 1.3.30+1802ada577
	- fabric-sound-api-v1 1.0.13+1802ada577
	- fabric-transfer-api-v1 3.3.5+8dd72ea377
	- fabric-transitive-access-wideners-v1 4.3.1+1802ada577
	- fabricloader 0.16.0
	- java 17
	- mememod 1.0
	- minecraft 1.20.1
	- mixinextras 0.4.0
[09:18:08] [main/INFO] (FabricLoader/Mixin) SpongePowered MIXIN Subsystem Version=0.8.7 Source=file:/E:/.gradle/caches/modules-2/files-2.1/net.fabricmc/sponge-mixin/0.15.0+mixin.0.8.7/2ce1c5d57a061f3e259ec30b8b0cb2dc889c5156/sponge-mixin-0.15.0+mixin.0.8.7.jar Service=Knot/Fabric Env=CLIENT
[09:18:08] [main/INFO] (FabricLoader/Mixin) Loaded Fabric development mappings for mixin remapper!
[09:18:08] [main/INFO] (FabricLoader/Mixin) Compatibility level set to JAVA_16
[09:18:08] [main/INFO] (FabricLoader/Mixin) Compatibility level set to JAVA_17
[09:18:11] [main/INFO] (FabricLoader/MixinExtras|Service) Initializing MixinExtras via com.llamalad7.mixinextras.service.MixinExtrasServiceImpl(version=0.4.0).
[09:18:21] [Datafixer Bootstrap/INFO] (Minecraft) 188 Datafixer optimizations took 540 milliseconds
[09:18:25] [Render thread/INFO] (Minecraft) Environment: authHost='https://authserver.mojang.com', accountsHost='https://api.mojang.com', sessionHost='https://sessionserver.mojang.com', servicesHost='https://api.minecraftservices.com', name='PROD'
[09:18:26] [Render thread/ERROR] (Minecraft) Failed to verify authentication
com.mojang.authlib.exceptions.InvalidCredentialsException: Status: 401
	at com.mojang.authlib.exceptions.MinecraftClientHttpException.toAuthenticationException(MinecraftClientHttpException.java:56) ~[authlib-4.0.43.jar:?]
	at com.mojang.authlib.yggdrasil.YggdrasilUserApiService.fetchProperties(YggdrasilUserApiService.java:156) ~[authlib-4.0.43.jar:?]
	at com.mojang.authlib.yggdrasil.YggdrasilUserApiService.<init>(YggdrasilUserApiService.java:55) ~[authlib-4.0.43.jar:?]
	at com.mojang.authlib.yggdrasil.YggdrasilAuthenticationService.createUserApiService(YggdrasilAuthenticationService.java:124) ~[authlib-4.0.43.jar:?]
	at net.minecraft.client.MinecraftClient.createUserApiService(MinecraftClient.java:733) ~[minecraft-merged-7787b014d4-1.20.1-net.fabricmc.yarn.1_20_1.1.20.1+build.10-v2.jar:?]
	at net.minecraft.client.MinecraftClient.<init>(MinecraftClient.java:442) ~[minecraft-merged-7787b014d4-1.20.1-net.fabricmc.yarn.1_20_1.1.20.1+build.10-v2.jar:?]
	at net.minecraft.client.main.Main.main(Main.java:211) ~[minecraft-merged-7787b014d4-1.20.1-net.fabricmc.yarn.1_20_1.1.20.1+build.10-v2.jar:?]
	at net.fabricmc.loader.impl.game.minecraft.MinecraftGameProvider.launch(MinecraftGameProvider.java:480) ~[fabric-loader-0.16.0.jar:?]
	at net.fabricmc.loader.impl.launch.knot.Knot.launch(Knot.java:74) ~[fabric-loader-0.16.0.jar:?]
	at net.fabricmc.loader.impl.launch.knot.KnotClient.main(KnotClient.java:23) ~[fabric-loader-0.16.0.jar:?]
	at net.fabricmc.devlaunchinjector.Main.main(Main.java:86) ~[dev-launch-injector-0.2.1+build.8.jar:?]
Caused by: com.mojang.authlib.exceptions.MinecraftClientHttpException: Status: 401
	at com.mojang.authlib.minecraft.client.MinecraftClient.readInputStream(MinecraftClient.java:85) ~[authlib-4.0.43.jar:?]
	at com.mojang.authlib.minecraft.client.MinecraftClient.get(MinecraftClient.java:48) ~[authlib-4.0.43.jar:?]
	at com.mojang.authlib.yggdrasil.YggdrasilUserApiService.fetchProperties(YggdrasilUserApiService.java:129) ~[authlib-4.0.43.jar:?]
	... 9 more
[09:18:26] [Render thread/INFO] (Minecraft) Setting user: Player165
[09:18:27] [Render thread/INFO] (Indigo) [Indigo] Registering Indigo renderer!
[09:18:28] [Render thread/INFO] (Minecraft) Backend library: LWJGL version 3.3.1 SNAPSHOT
[09:18:30] [Render thread/INFO] (Minecraft) Reloading ResourceManager: vanilla, fabric (fabric-networking-api-v1, fabric-rendering-v1, fabric-data-generation-api-v1, fabric-mining-level-api-v1, fabric-block-api-v1, fabric-content-registries-v0, fabric-data-attachment-api-v1, fabric-renderer-api-v1, fabric-renderer-registries-v1, fabric-transfer-api-v1, fabric-events-lifecycle-v0, fabric-loot-tables-v1, fabric-particles-v1, fabric-item-group-api-v1, fabric-screen-api-v1, fabric-keybindings-v0, fabricloader, fabric-crash-report-info-v1, fabric-block-view-api-v2, fabric-biome-api-v1, fabric-key-binding-api-v1, fabric-events-interaction-v0, fabric-models-v0, fabric-command-api-v1, fabric-entity-events-v1, fabric-resource-loader-v0, fabric-rendering-fluids-v1, fabric-sound-api-v1, fabric-loot-api-v2, fabric-blockrenderlayer-v1, fabric-gametest-api-v1, fabric-transitive-access-wideners-v1, fabric-lifecycle-events-v1, fabric-commands-v0, fabric-game-rule-api-v1, fabric-api-lookup-api-v1, fabric-resource-conditions-api-v1, fabric-object-builder-api-v1, fabric-containers-v0, fabric-registry-sync-v0, fabric-client-tags-api-v1, fabric-dimensions-v1, fabric-model-loading-api-v1, fabric-rendering-data-attachment-v1, fabric-networking-v0, mememod, fabric-message-api-v1, fabric-convention-tags-v1, fabric-item-api-v1, fabric-screen-handler-api-v1, fabric-rendering-v0, fabric-command-api-v2, fabric-recipe-api-v1, fabric-api-base, fabric-api, fabric-renderer-indigo)
[09:18:30] [Worker-Main-7/INFO] (Minecraft) Found unifont_all_no_pua-15.0.06.hex, loading
[09:18:31] [Realms Notification Availability checker #1/INFO] (Minecraft) Could not authorize you against Realms server: Invalid session id
[09:18:32] [Render thread/WARN] (Minecraft) Missing sound for event: minecraft:item.goat_horn.play
[09:18:32] [Render thread/WARN] (Minecraft) Missing sound for event: minecraft:entity.goat.screaming.horn_break
[09:18:32] [Render thread/INFO] (Minecraft) OpenAL initialized on device OpenAL Soft on 扬声器 (Realtek High Definition Audio)
[09:18:32] [Render thread/INFO] (Minecraft) Sound engine started
[09:18:32] [Render thread/INFO] (Minecraft) Created: 1024x512x4 minecraft:textures/atlas/blocks.png-atlas
[09:18:33] [Render thread/INFO] (Minecraft) Created: 256x256x4 minecraft:textures/atlas/signs.png-atlas
[09:18:33] [Render thread/INFO] (Minecraft) Created: 512x512x4 minecraft:textures/atlas/banner_patterns.png-atlas
[09:18:33] [Render thread/INFO] (Minecraft) Created: 512x512x4 minecraft:textures/atlas/shield_patterns.png-atlas
[09:18:33] [Render thread/INFO] (Minecraft) Created: 1024x1024x4 minecraft:textures/atlas/armor_trims.png-atlas
[09:18:34] [Render thread/INFO] (Minecraft) Created: 128x64x4 minecraft:textures/atlas/decorated_pot.png-atlas
[09:18:34] [Render thread/INFO] (Minecraft) Created: 256x256x4 minecraft:textures/atlas/chest.png-atlas
[09:18:34] [Render thread/INFO] (Minecraft) Created: 512x256x4 minecraft:textures/atlas/beds.png-atlas
[09:18:34] [Render thread/INFO] (Minecraft) Created: 512x256x4 minecraft:textures/atlas/shulker_boxes.png-atlas
[09:18:36] [Render thread/WARN] (Minecraft) Shader rendertype_entity_translucent_emissive could not find sampler named Sampler2 in the specified shader program.
[09:18:36] [Render thread/INFO] (Minecraft) Created: 256x256x0 minecraft:textures/atlas/particles.png-atlas
[09:18:37] [Render thread/INFO] (Minecraft) Created: 256x256x0 minecraft:textures/atlas/paintings.png-atlas
[09:18:37] [Render thread/INFO] (Minecraft) Created: 128x128x0 minecraft:textures/atlas/mob_effects.png-atlas
[09:18:47] [Render thread/INFO] (Minecraft) Loaded 7 recipes
[09:18:47] [Render thread/INFO] (Minecraft) Loaded 1271 advancements
[09:18:48] [Render thread/INFO] (BiomeModificationImpl) Applied 0 biome modifications to 0 of 64 new biomes in 3.137 ms
[09:18:48] [Server thread/INFO] (Minecraft) Starting integrated minecraft server version 1.20.1
[09:18:48] [Server thread/INFO] (Minecraft) Generating keypair
[09:18:51] [Server thread/INFO] (Minecraft) Preparing start region for dimension minecraft:overworld
[09:18:52] [Render thread/INFO] (Minecraft) 准备生成区域中：0%
[09:18:52] [Render thread/INFO] (Minecraft) 准备生成区域中：0%
[09:18:52] [Render thread/INFO] (Minecraft) 准备生成区域中：0%
[09:18:52] [Render thread/INFO] (Minecraft) 准备生成区域中：0%
[09:18:53] [Render thread/INFO] (Minecraft) 准备生成区域中：0%
[09:18:53] [Render thread/INFO] (Minecraft) 准备生成区域中：0%
[09:18:54] [Render thread/INFO] (Minecraft) 准备生成区域中：0%
[09:18:54] [Render thread/INFO] (Minecraft) 准备生成区域中：0%
[09:18:55] [Render thread/INFO] (Minecraft) 准备生成区域中：20%
[09:18:55] [Render thread/INFO] (Minecraft) 准备生成区域中：42%
[09:18:56] [Render thread/INFO] (Minecraft) 准备生成区域中：86%
[09:18:56] [Render thread/INFO] (Minecraft) Time elapsed: 5140 ms
[09:18:56] [Server thread/INFO] (Minecraft) Changing view distance to 12, from 10
[09:18:56] [Server thread/INFO] (Minecraft) Changing simulation distance to 12, from 0
[09:18:58] [Server thread/INFO] (Minecraft) Player165[local:E:507f801c] logged in with entity id 322 at (5.029716925762959, 71.90027150095963, 12.263950640255315)
[09:18:58] [Server thread/INFO] (Minecraft) Player165加入了游戏
[09:18:59] [Render thread/INFO] (Minecraft) Loaded 5 advancements
[09:19:00] [Server thread/INFO] (Minecraft) Saving and pausing game...
[09:19:00] [Server thread/INFO] (Minecraft) Saving chunks for level 'ServerLevel[New World]'/minecraft:overworld
[09:19:01] [Server thread/INFO] (Minecraft) Saving chunks for level 'ServerLevel[New World]'/minecraft:the_end
[09:19:01] [Server thread/INFO] (Minecraft) Saving chunks for level 'ServerLevel[New World]'/minecraft:the_nether
[09:19:08] [Server thread/INFO] (Minecraft) [Player165: 已将1个[打火机]给予Player165]
[09:19:08] [Render thread/INFO] (Minecraft) [System] [CHAT] 已将1个[打火机]给予Player165
[09:19:14] [Render thread/INFO] (Minecraft) [System] [CHAT] [调试]： 高级提示框：显示
[09:19:49] [Render thread/INFO] (Minecraft) Loaded 12 advancements
[09:20:00] [Render thread/INFO] (Minecraft) Loaded 29 advancements
[09:20:16] [Server thread/INFO] (Minecraft) [Player165: 已将自己的游戏模式设置为生存模式]
[09:20:16] [Render thread/INFO] (Minecraft) [System] [CHAT] 已将自己的游戏模式设置为生存模式
[09:20:20] [Server thread/INFO] (Minecraft) Saving and pausing game...
[09:20:20] [Server thread/INFO] (Minecraft) Saving chunks for level 'ServerLevel[New World]'/minecraft:overworld
[09:20:20] [Server thread/INFO] (Minecraft) Saving chunks for level 'ServerLevel[New World]'/minecraft:the_end
[09:20:20] [Server thread/INFO] (Minecraft) Saving chunks for level 'ServerLevel[New World]'/minecraft:the_nether
[09:20:32] [Server thread/INFO] (Minecraft) Saving and pausing game...
[09:20:32] [Server thread/INFO] (Minecraft) Saving chunks for level 'ServerLevel[New World]'/minecraft:overworld
[09:20:32] [Server thread/INFO] (Minecraft) Saving chunks for level 'ServerLevel[New World]'/minecraft:the_end
[09:20:32] [Server thread/INFO] (Minecraft) Saving chunks for level 'ServerLevel[New World]'/minecraft:the_nether
[09:20:34] [Server thread/INFO] (Minecraft) Saving and pausing game...
[09:20:34] [Server thread/INFO] (Minecraft) Saving chunks for level 'ServerLevel[New World]'/minecraft:overworld
[09:20:34] [Server thread/INFO] (Minecraft) Saving chunks for level 'ServerLevel[New World]'/minecraft:the_end
[09:20:34] [Server thread/INFO] (Minecraft) Saving chunks for level 'ServerLevel[New World]'/minecraft:the_nether
[09:21:06] [Server thread/INFO] (Minecraft) [Not Secure] <Player165> ?
[09:21:06] [Render thread/INFO] (Minecraft) [CHAT] <Player165> ?
[09:21:56] [Server thread/INFO] (Minecraft) [Player165: 已将Player165传送到100.500000, 100.000000, 0.500000]
[09:21:56] [Render thread/INFO] (Minecraft) [System] [CHAT] 已将Player165传送到100.500000, 100.000000, 0.500000
[09:21:58] [Server thread/INFO] (Minecraft) Player165从高处摔了下来
[09:21:58] [Render thread/INFO] (Minecraft) [System] [CHAT] Player165从高处摔了下来
[09:22:03] [Server thread/INFO] (Minecraft) [Player165: 已将Player165传送到100.500000, 70.000000, 0.500000]
[09:22:03] [Render thread/INFO] (Minecraft) [System] [CHAT] 已将Player165传送到100.500000, 70.000000, 0.500000
[09:22:25] [Server thread/INFO] (Minecraft) Saving and pausing game...
[09:22:25] [Server thread/INFO] (Minecraft) Saving chunks for level 'ServerLevel[New World]'/minecraft:overworld
[09:22:25] [Server thread/INFO] (Minecraft) Saving chunks for level 'ServerLevel[New World]'/minecraft:the_end
[09:22:25] [Server thread/INFO] (Minecraft) Saving chunks for level 'ServerLevel[New World]'/minecraft:the_nether
[09:22:33] [Server thread/INFO] (Minecraft) [Player165: 已将1个[打火机]给予Player165]
[09:22:33] [Render thread/INFO] (Minecraft) [System] [CHAT] 已将1个[打火机]给予Player165
[09:23:11] [Server thread/INFO] (Minecraft) [Player165: 已将自己的游戏模式设置为创造模式]
[09:23:11] [Render thread/INFO] (Minecraft) [System] [CHAT] 已将自己的游戏模式设置为创造模式
[09:23:13] [Render thread/INFO] (Minecraft) [System] [CHAT] 已将截图保存为2024-08-14_09.23.12.png
[09:23:13] [Server thread/INFO] (Minecraft) [Player165: 已将自己的游戏模式设置为生存模式]
[09:23:13] [Render thread/INFO] (Minecraft) [System] [CHAT] 已将自己的游戏模式设置为生存模式
[09:23:14] [Server thread/INFO] (Minecraft) Player165浴火焚身
[09:23:14] [Render thread/INFO] (Minecraft) [System] [CHAT] Player165浴火焚身
[09:25:08] [Server thread/INFO] (Minecraft) [Player165: 已将1个[打火机]给予Player165]
[09:25:08] [Render thread/INFO] (Minecraft) [System] [CHAT] 已将1个[打火机]给予Player165
[09:25:15] [Server thread/INFO] (Minecraft) [Player165: 已将自己的游戏模式设置为创造模式]
[09:25:15] [Render thread/INFO] (Minecraft) [System] [CHAT] 已将自己的游戏模式设置为创造模式
[09:25:48] [Server thread/INFO] (Minecraft) [Player165: 已将自己的游戏模式设置为生存模式]
[09:25:48] [Render thread/INFO] (Minecraft) [System] [CHAT] 已将自己的游戏模式设置为生存模式
[09:25:56] [Render thread/INFO] (Minecraft) [System] [CHAT] 已将截图保存为2024-08-14_09.25.56.png
[09:25:56] [Server thread/INFO] (Minecraft) [Player165: 已将自己的游戏模式设置为创造模式]
[09:25:56] [Render thread/INFO] (Minecraft) [System] [CHAT] 已将自己的游戏模式设置为创造模式
[09:26:03] [Server thread/INFO] (Minecraft) [Player165: 已将自己的游戏模式设置为生存模式]
[09:26:03] [Render thread/INFO] (Minecraft) [System] [CHAT] 已将自己的游戏模式设置为生存模式
[09:26:10] [Server thread/INFO] (Minecraft) Player165取得了进度[石器时代]
[09:26:10] [Render thread/INFO] (Minecraft) [System] [CHAT] Player165取得了进度[石器时代]
[09:26:10] [Render thread/INFO] (Minecraft) Loaded 47 advancements
[09:26:15] [Server thread/WARN] (Minecraft) Player165 moved wrongly!
[09:26:27] [Server thread/INFO] (Minecraft) Player165被烧死了
[09:26:27] [Render thread/INFO] (Minecraft) [System] [CHAT] Player165被烧死了
[09:26:40] [Server thread/INFO] (Minecraft) [Player165: 已将自己的游戏模式设置为创造模式]
[09:26:40] [Render thread/INFO] (Minecraft) [System] [CHAT] 已将自己的游戏模式设置为创造模式
[09:27:22] [Server thread/INFO] (Minecraft) Saving and pausing game...
[09:27:22] [Server thread/INFO] (Minecraft) Saving chunks for level 'ServerLevel[New World]'/minecraft:overworld
[09:27:22] [Server thread/INFO] (Minecraft) Saving chunks for level 'ServerLevel[New World]'/minecraft:the_end
[09:27:22] [Server thread/INFO] (Minecraft) Saving chunks for level 'ServerLevel[New World]'/minecraft:the_nether
[09:27:23] [Server thread/INFO] (Minecraft) Player165 lost connection: 连接中断
[09:27:23] [Server thread/INFO] (Minecraft) Player165退出了游戏
[09:27:23] [Server thread/INFO] (Minecraft) Stopping singleplayer server as player logged out
[09:27:23] [Server thread/INFO] (Minecraft) Stopping server
[09:27:23] [Server thread/INFO] (Minecraft) Saving players
[09:27:23] [Server thread/INFO] (Minecraft) Saving worlds
[09:27:24] [Server thread/INFO] (Minecraft) Saving chunks for level 'ServerLevel[New World]'/minecraft:overworld
[09:27:28] [Server thread/INFO] (Minecraft) Saving chunks for level 'ServerLevel[New World]'/minecraft:the_end
[09:27:28] [Server thread/INFO] (Minecraft) Saving chunks for level 'ServerLevel[New World]'/minecraft:the_nether
[09:27:28] [Server thread/INFO] (Minecraft) ThreadedAnvilChunkStorage (New World): All chunks are saved
[09:27:28] [Server thread/INFO] (Minecraft) ThreadedAnvilChunkStorage (DIM1): All chunks are saved
[09:27:28] [Server thread/INFO] (Minecraft) ThreadedAnvilChunkStorage (DIM-1): All chunks are saved
[09:27:28] [Server thread/INFO] (Minecraft) ThreadedAnvilChunkStorage: All dimensions are saved
[09:27:31] [Render thread/INFO] (Minecraft) Stopping!
